[0mPOST /api/v1/user/login [33m404[0m 2.530 ms - 157[0m
[0mPOST /api/v1/user/login [32m200[0m 71.576 ms - 56[0m
[0mPOST /api/v1/user/login [32m200[0m 5325.238 ms - 237[0m
[0mPOST /api/v1/user/login [32m200[0m 3895.893 ms - 237[0m
[0mPOST /api/v1/user/login [32m200[0m 3828.549 ms - 237[0m
[0mPOST /api/v1/user/verifyUser [32m200[0m 20.313 ms - 73[0m
[0mPOST /api/v1/user/verifyUser [32m200[0m 2.393 ms - 38[0m
[0mPOST /api/v1/user/verifyUser [32m200[0m 2.262 ms - 38[0m
[0mPOST /api/v1/user/verifyUser [32m200[0m 3.034 ms - 38[0m
[0mPOST /api/v1/user/login [32m200[0m 2770.165 ms - 237[0m
[0mPOST /api/v1/user/verifyUser [32m200[0m 8.517 ms - 73[0m
[0mPOST /api/v1/user/register [32m200[0m 3668.046 ms - 240[0m
[0mPOST /api/v1/user/login [32m200[0m 3638.651 ms - 237[0m
[0mPOST /api/v1/user/verifyUser [32m200[0m 17.784 ms - 73[0m
[0mGET /api/v1/user/logout [32m200[0m 9.563 ms - 40[0m
[0mGET /api/v1/user/logout [32m200[0m 0.678 ms - 40[0m
[0mGET /api/v1/user/logout [32m200[0m 0.493 ms - 40[0m
[0mPOST /api/v1/user/login [32m200[0m 3672.218 ms - 237[0m
[0mPOST /api/v1/user/verifyUser [32m200[0m 5.116 ms - 73[0m
[0mGET /api/v1/user/logout [32m200[0m 0.727 ms - 40[0m
[0mGET /api/v1/user/logout [32m200[0m 0.421 ms - 40[0m
[0mGET /api/v1/user/logout [32m200[0m 2.852 ms - 40[0m
[0mGET /api/v1/user/logout [32m200[0m 2.390 ms - 81[0m
[0mGET /api/v1/user/logout [32m200[0m 3.736 ms - 40[0m
[0mPOST /api/v1/user/login [32m200[0m 2852.200 ms - 237[0m
[0mGET /api/v1/user/logout [32m200[0m 0.623 ms - 40[0m
[0mGET /api/v1/user/logout [32m200[0m 16.294 ms - 81[0m
[0mGET /api/v1/user/logout [32m200[0m 21.924 ms - 81[0m
[0mGET /api/v1/user/logout [32m200[0m 22.558 ms - 81[0m
[0mGET /api/v1/user/logout [32m200[0m 5.094 ms - 81[0m
[0mGET /api/v1/user/logout [32m200[0m 4.895 ms - 81[0m
[0mGET /api/v1/user/logout [32m200[0m 4.296 ms - 81[0m
[0mGET /api/v1/user/logout [32m200[0m 18.789 ms - 81[0m
[0mGET /api/v1/user/logout [32m200[0m 5.695 ms - 81[0m
[0mGET /api/v1/user/logout [32m200[0m 19.572 ms - 81[0m
[0mGET /api/v1/user/logout [32m200[0m 21.785 ms - 81[0m
[0mGET /api/v1/user/logout [32m200[0m 5.641 ms - 81[0m
[0mGET /api/v1/user/logout [32m200[0m 4.302 ms - 81[0m
[0mGET /api/v1/user/logout [32m200[0m 4.294 ms - 81[0m
[0mGET /api/v1/user/logout [32m200[0m 18.576 ms - 81[0m
[0mGET /api/v1/user/logout [32m200[0m 4.836 ms - 81[0m
[0mGET /api/v1/user/logout [32m200[0m 5.547 ms - 81[0m
[0mGET /api/v1/user/logout [32m200[0m 4.099 ms - 81[0m
[0mGET /api/v1/user/logout [32m200[0m 7.990 ms - 81[0m
[0mGET /api/v1/user/logout [32m200[0m 16.231 ms - 81[0m
[0mPOST /api/v1/user/login [32m200[0m 2829.346 ms - 237[0m
[0mPOST /api/v1/user/verifyUser [32m200[0m 17.691 ms - 73[0m
[0mGET /api/v1/user/logout [32m200[0m 3.043 ms - 81[0m
[0mGET /api/v1/user/logout [32m200[0m 4.035 ms - 81[0m
[0mGET /api/v1/user/logout [32m200[0m 16.351 ms - 81[0m
[0mGET /api/v1/user/logout [32m200[0m 4.081 ms - 81[0m
[0mGET /api/v1/user/logout [32m200[0m 5.321 ms - 81[0m
[0mGET /api/v1/user/logout [32m200[0m 3.231 ms - 81[0m
[0mGET /api/v1/user/logout [32m200[0m 16.567 ms - 81[0m
[0mGET /api/v1/user/logout [32m200[0m 18.593 ms - 81[0m
[0mGET /api/v1/user/logout [32m200[0m 5.409 ms - 81[0m
[0mGET /api/v1/user/logout [32m200[0m 17.800 ms - 81[0m
[0mGET /api/v1/user/logout [32m200[0m 3.904 ms - 81[0m
[0mGET /api/v1/user/logout [32m200[0m 3.301 ms - 81[0m
[0mGET /api/v1/user/logout [32m200[0m 3.151 ms - 51[0m
[0mGET /api/v1/user/logout [32m200[0m 16.231 ms - 81[0m
[0mGET /api/v1/user/logout [32m200[0m 4.521 ms - 81[0m
[0mGET /api/v1/user/logout [32m200[0m 3.597 ms - 81[0m
[0mPOST /api/v1/user/register [32m200[0m 3750.722 ms - 240[0m
[0mPOST /api/v1/user/login [32m200[0m 3591.954 ms - 237[0m
[0mPOST /api/v1/user/verifyUser [32m200[0m 3.333 ms - 38[0m
[0mPOST /api/v1/user/verifyUser [32m200[0m 2.717 ms - 38[0m
[0mPOST /api/v1/user/verifyUser [32m200[0m 5.511 ms - 73[0m
[0mGET /api/v1/user/logout [32m200[0m 2.143 ms - 45[0m
[0mGET /api/v1/user/logout [32m200[0m 1.254 ms - 45[0m
[0mGET /api/v1/user/logout [32m200[0m 10.697 ms - 81[0m
[0mGET /api/v1/user/logout [32m200[0m 37.409 ms - 41[0m
[0mGET /api/v1/user/logout [32m200[0m 12.158 ms - 78[0m
[0mGET /api/v1/user/logout [32m200[0m 12.399 ms - 78[0m
[0mGET /api/v1/user/logout [32m200[0m 3.480 ms - 78[0m
[0mGET /api/v1/user/logout [32m200[0m 13.209 ms - 78[0m
[0mGET /api/v1/user/logout [32m200[0m 18.906 ms - 78[0m
[0mGET /api/v1/user/logout [32m200[0m 12.852 ms - 78[0m
[0mGET /api/v1/user/logout [32m200[0m 14.073 ms - 78[0m
[0mGET /api/v1/user/logout [32m200[0m 3.969 ms - 78[0m
[0mGET /api/v1/user/logout [32m200[0m 13.453 ms - 78[0m
[0mGET /api/v1/user/logout [32m200[0m 5.342 ms - 78[0m
[0mGET /api/v1/user/logout [32m200[0m 4.013 ms - 78[0m
[0mGET /api/v1/user/logout [32m200[0m 3.482 ms - 78[0m
[0mGET /api/v1/user/logout [32m200[0m 16.025 ms - 78[0m
[0mGET /api/v1/user/logout [32m200[0m 28.221 ms - 44[0m
[0mGET /api/v1/user/logout [32m200[0m 24.270 ms - 61[0m
[0mGET /api/v1/user/logout [32m200[0m 36.460 ms - 53[0m
[0mGET /api/v1/user/logout [32m200[0m 6.895 ms - 44[0m
[0mGET /api/v1/user/logout [32m200[0m 18.421 ms - 44[0m
[0mGET /api/v1/user/deleteAccount [33m404[0m 2.126 ms - 164[0m
[0mGET /api/v1/user/deleteAccount [33m404[0m 4.318 ms - 164[0m
[0mGET /api/v1/user/deleteAccount [32m200[0m 37.582 ms - 44[0m
[0mGET /api/v1/user/deleteAccount [32m200[0m 4.645 ms - 44[0m
[0mPOST /api/v1/user/login [32m200[0m 2953.423 ms - 237[0m
[0mPOST /api/v1/user/verifyUser [32m200[0m 5.183 ms - 73[0m
[0mGET /api/v1/user/deleteAccount [32m200[0m 7.262 ms - 66[0m
[0mGET /api/v1/user/deleteAccount [32m200[0m 2745.251 ms - 54[0m
[0mPOST /api/v1/user/forgetpassword [33m404[0m 3.263 ms - 166[0m
[0mPOST /api/v1/user/forget-password [33m404[0m 2.315 ms - 167[0m
[0mPOST /api/v1/user/forget-password [33m404[0m 2.226 ms - 167[0m
[0mPOST /api/v1/user/forget-password [33m404[0m 0.347 ms - 167[0m
[0mPOST /api/v1/user/forget-password [33m404[0m 0.254 ms - 167[0m
[0mPOST /api/v1/user/forget-password [32m200[0m 19.560 ms - 80[0m
[0mPOST /api/v1/user/login [32m200[0m 39.826 ms - 58[0m
[0mPOST /api/v1/user/register [32m200[0m 4129.577 ms - 240[0m
[0mPOST /api/v1/user/login [32m200[0m 3005.317 ms - 237[0m
[0mPOST /api/v1/user/verifyUser [32m200[0m 5.053 ms - 73[0m
[0mPOST /api/v1/user/forget-password [32m200[0m 19.482 ms - 78[0m
[0mPOST /api/v1/user/forget-password [32m200[0m 12.135 ms - 78[0m
[0mPOST /api/v1/user/forget-password [32m200[0m 3.576 ms - 78[0m
[0mPOST /api/v1/user/forget-password [32m200[0m 4.840 ms - 78[0m
[0mPOST /api/v1/user/forget-password [32m200[0m 10.586 ms - 78[0m
[0mPOST /api/v1/user/forget-password [32m200[0m 3.710 ms - 78[0m
[0mPOST /api/v1/user/verifyUser [32m200[0m 5.966 ms - 38[0m
[0mPOST /api/v1/user/forget-password [32m200[0m 2.791 ms - 78[0m
[0mPOST /api/v1/user/forget-password [32m200[0m 3.135 ms - 78[0m
[0mPOST /api/v1/user/forget-password [32m200[0m 11.324 ms - 69[0m
[0mPOST /api/v1/user/forget-password [32m200[0m 4148.778 ms - 66[0m
[0mPOST /api/v1/user/forget-password [32m200[0m 11.297 ms - 78[0m
[0mPOST /api/v1/user/forget-password [32m200[0m 10.650 ms - 78[0m
[0mPOST /api/v1/user/forget-password [32m200[0m 3.514 ms - 78[0m
[0mPOST /api/v1/user/forget-password [32m200[0m 24.709 ms - 78[0m
[0mPOST /api/v1/user/forget-password [32m200[0m 11.434 ms - 80[0m
[0mPOST /api/v1/user/forget-password [32m200[0m 11.599 ms - 78[0m
[0mPOST /api/v1/user/forget-password [32m200[0m 3.184 ms - 78[0m
[0mPOST /api/v1/user/forget-password [32m200[0m 11.110 ms - 78[0m
[0mPOST /api/v1/user/forget-password [32m200[0m 3.033 ms - 78[0m
[0mPOST /api/v1/user/register [32m200[0m 3404.000 ms - 240[0m
[0mPOST /api/v1/user/login [32m200[0m 3660.879 ms - 237[0m
[0mPOST /api/v1/user/verifyUser [32m200[0m 18.771 ms - 73[0m
[0mPOST /api/v1/user/forget-password [32m200[0m 3743.727 ms - 66[0m
[0mPOST /api/v1/user/forget-password [32m200[0m 3276.191 ms - 66[0m
[0mGET /api/v1//reset-password/9e528ac36ecf0d723f371edef0e940f0bc6c6add1952d506b0e05eb9e03c33e5 [33m404[0m 2.072 ms - 226[0m
[0mGET /api/v1//reset-password/9e528ac36ecf0d723f371edef0e940f0bc6c6add1952d506b0e05eb9e03c33e5 [33m404[0m 3.159 ms - 226[0m
[0mPOST /api/v1/user/reset-password?token [32m200[0m 16.942 ms - 68[0m
[0mPOST /api/v1/user/reset-password?token [32m200[0m 3.756 ms - 68[0m
[0mPOST /api/v1/user/reset-password?token [32m200[0m 4.357 ms - 68[0m
[0mPOST /api/v1/user/reset-password?token [32m200[0m 4.009 ms - 68[0m
[0mPOST /api/v1/user/reset-password?token [32m200[0m 4.857 ms - 68[0m
[0mPOST /api/v1/user/reset-password?token [32m200[0m 5.139 ms - 62[0m
[0mPOST /api/v1/user/reset-password?token [32m200[0m 18.225 ms - 141[0m
[0mPOST /api/v1/user/reset-password?token=9e528ac36ecf0d723f371edef0e940f0bc6c6add1952d506b0e05eb9e03c33e5 [32m200[0m 4.522 ms - 141[0m
[0mPOST /api/v1/user/reset-password?token=9e528ac36ecf0d723f371edef0e940f0bc6c6add1952d506b0e05eb9e03c33e5 [32m200[0m 4.502 ms - 141[0m
[0mPOST /api/v1/user/reset-password/:token=9e528ac36ecf0d723f371edef0e940f0bc6c6add1952d506b0e05eb9e03c33e5 [33m404[0m 0.818 ms - 238[0m
[0mPOST /api/v1/user/reset-password/9e528ac36ecf0d723f371edef0e940f0bc6c6add1952d506b0e05eb9e03c33e5 [33m404[0m 0.552 ms - 231[0m
[0mPOST /api/v1/user/reset-password/9e528ac36ecf0d723f371edef0e940f0bc6c6add1952d506b0e05eb9e03c33e5 [33m404[0m 0.441 ms - 231[0m
[0mPOST /api/v1/user/reset-password:token [33m404[0m 0.267 ms - 172[0m
[0mPOST /api/v1/user/reset-password/token [33m404[0m 0.323 ms - 172[0m
[0mGET /api/v1//reset-password/?token=9e528ac36ecf0d723f371edef0e940f0bc6c6add1952d506b0e05eb9e03c33e5 [33m404[0m 1.889 ms - 162[0m
[0mPOST /api/v1/user/reset-password?token=9e528ac36ecf0d723f371edef0e940f0bc6c6add1952d506b0e05eb9e03c33e5 [32m200[0m 5.351 ms - 141[0m
[0mPOST /api/v1/user/reset-password?token=9e528ac36ecf0d723f371edef0e940f0bc6c6add1952d506b0e05eb9e03c33e5 [32m200[0m 24.269 ms - 40[0m
[0mPOST /api/v1/user/reset-password?token=9e528ac36ecf0d723f371edef0e940f0bc6c6add1952d506b0e05eb9e03c33e5 [32m200[0m 11.786 ms - 40[0m
[0mPOST /api/v1/user/forget-password [32m200[0m 4113.042 ms - 66[0m
[0mGET /api/v1//reset-password/10e46d1a82721141b47e506626233d0a0cc3f6977a2915a8312b9c2506ff3ee8 [33m404[0m 2.453 ms - 226[0m
[0mPOST /api/v1/user/reset-password?token=10e46d1a82721141b47e506626233d0a0cc3f6977a2915a8312b9c2506ff3ee8 [32m200[0m 8.543 ms - 40[0m
[0mPOST /api/v1/user/reset-password?token=10e46d1a82721141b47e506626233d0a0cc3f6977a2915a8312b9c2506ff3ee8 [32m200[0m 7.761 ms - 40[0m
[0mPOST /api/v1/user/reset-password?token=10e46d1a82721141b47e506626233d0a0cc3f6977a2915a8312b9c2506ff3ee8 [32m200[0m 6.233 ms - 40[0m
[0mPOST /api/v1/user/reset-password/10e46d1a82721141b47e506626233d0a0cc3f6977a2915a8312b9c2506ff3ee8 [33m404[0m 0.444 ms - 231[0m
[0mPOST /api/v1/user/reset-password/10e46d1a82721141b47e506626233d0a0cc3f6977a2915a8312b9c2506ff3ee8 [33m404[0m 0.451 ms - 231[0m
[0mPOST /api/v1/user/reset-password/10e46d1a82721141b47e506626233d0a0cc3f6977a2915a8312b9c2506ff3ee8 [33m404[0m 0.534 ms - 231[0m
[0mPOST /api/v1/user/reset-password/10e46d1a82721141b47e506626233d0a0cc3f6977a2915a8312b9c2506ff3ee8 [33m404[0m 0.336 ms - 231[0m
[0mPOST /api/v1/user/reset-password/10e46d1a82721141b47e506626233d0a0cc3f6977a2915a8312b9c2506ff3ee8 [33m404[0m 0.283 ms - 231[0m
[0mPOST /api/v1/user/reset-password/10e46d1a82721141b47e506626233d0a0cc3f6977a2915a8312b9c2506ff3ee8 [33m404[0m 0.212 ms - 231[0m
[0mPOST /api/v1/user/reset-password/10e46d1a82721141b47e506626233d0a0cc3f6977a2915a8312b9c2506ff3ee8 [33m404[0m 0.296 ms - 231[0m
[0mPOST /api/v1/user/register [32m200[0m 64.134 ms - 45[0m
[0mGET /api/v1/user/profile [32m200[0m 1.686 ms - 80[0m
[0mGET /api/v1/user/profile [32m200[0m 35.279 ms - 57[0m
[0mGET /api/v1/user/profile [32m200[0m 22.216 ms - 126[0m
[0mPOST /api/v1/user/login [32m200[0m 4744.267 ms - 237[0m
[0mPOST /api/v1/user/verifyUser [32m200[0m 6.839 ms - 73[0m
[0mGET /api/v1/user/profile [32m200[0m 5.799 ms - 126[0m
[0mGET /api/v1/user/profile [32m200[0m 3.587 ms - 126[0m
[0mGET /api/v1/user/profile [32m200[0m 20.716 ms - 519[0m
[0mGET /api/v1/user/profile [32m200[0m 19.732 ms - 208[0m
[0mPUT /api/v1/user/updateProfile [0m-[0m - ms - -[0m
[0mPUT /api/v1/user/updateProfile [32m200[0m 28.279 ms - 57[0m
[0mPUT /api/v1/user/updateProfile [32m200[0m 29.265 ms - 57[0m
[0mPUT /api/v1/user/updateProfile [32m200[0m 29.996 ms - 57[0m
[0mPUT /api/v1/user/updateProfile [32m200[0m 10.131 ms - 57[0m
[0mPUT /api/v1/user/updateProfile [32m200[0m 27.940 ms - 57[0m
[0mPUT /api/v1/user/updateProfile [32m200[0m 27.468 ms - 57[0m
[0mPUT /api/v1/user/updateProfile [32m200[0m 10.047 ms - 57[0m
[0mPOST /api/v1/user/updateProfile [33m404[0m 2.689 ms - 165[0m
[0mPOST /api/v1/user/updateProfile [33m404[0m 2.147 ms - 165[0m
[0mPUT /api/v1/user/updateProfile [32m200[0m 24.013 ms - 57[0m
[0mPATCH /api/v1/user/updateProfile [33m404[0m 3.017 ms - 166[0m
[0mPATCH /api/v1/user/updateProfile [32m200[0m 25.531 ms - 57[0m
[0mPATCH /api/v1/user/updateProfile [32m200[0m 12.208 ms - 57[0m
[0mPATCH /api/v1/user/updateProfile [32m200[0m 25.623 ms - 57[0m
[0mPATCH /api/v1/user/updateProfile [32m200[0m 8.365 ms - 57[0m
[0mPATCH /api/v1/user/updateProfile [32m200[0m 9.621 ms - 57[0m
[0mPATCH /api/v1/user/updateProfile [32m200[0m 26.712 ms - 50[0m
[0mPATCH /api/v1/user/updateProfile [32m200[0m 6.778 ms - 50[0m
[0mPATCH /api/v1/user/updateProfile [32m200[0m 8.890 ms - 50[0m
[0mPATCH /api/v1/user/updateProfile [32m200[0m 6.988 ms - 50[0m
[0mPATCH /api/v1/user/updateProfile [32m200[0m 7.127 ms - 50[0m
[0mPATCH /api/v1/user/updateProfile [32m200[0m 4.728 ms - 50[0m
[0mPATCH /api/v1/user/updateProfile [32m200[0m 4.801 ms - 50[0m
[0mPATCH /api/v1/user/updateProfile [32m200[0m 5.109 ms - 50[0m
[0mPATCH /api/v1/user/updateProfile [32m200[0m 23.678 ms - 50[0m
[0mPATCH /api/v1/user/updateProfile [32m200[0m 7.184 ms - 50[0m
[0mPATCH /api/v1/user/updateProfile [32m200[0m 19.195 ms - 50[0m
[0mPATCH /api/v1/user/updateProfile [32m200[0m 8.272 ms - 50[0m
[0mPATCH /api/v1/user/updateProfile [32m200[0m 6.304 ms - 50[0m
[0mPATCH /api/v1/user/updateProfile [32m200[0m 6.140 ms - 50[0m
[0mPATCH /api/v1/user/updateProfile [32m200[0m 19.757 ms - 50[0m
[0mPATCH /api/v1/user/updateProfile [32m200[0m 6.669 ms - 50[0m
[0mPATCH /api/v1/user/updateProfile [32m200[0m 19.676 ms - 57[0m
[0mPATCH /api/v1/user/updateProfile [32m200[0m 5.899 ms - 57[0m
[0mPATCH /api/v1/user/updateProfile [32m200[0m 26.350 ms - 57[0m
[0mPATCH /api/v1/user/updateProfile [32m200[0m 22.716 ms - 57[0m
[0mPATCH /api/v1/user/updateProfile [32m200[0m 7.733 ms - 57[0m
[0mPATCH /api/v1/user/updateProfile [32m200[0m 5.366 ms - 57[0m
[0mPATCH /api/v1/user/updateProfile [32m200[0m 19.640 ms - 57[0m
[0mPOST /api/v1/user/updateProfile [33m404[0m 2.160 ms - 165[0m
[0mPOST /api/v1/user/updateProfile [33m404[0m 0.529 ms - 165[0m
[0mPATCH /api/v1/user/updateProfile [32m200[0m 19.225 ms - 57[0m
[0mPATCH /api/v1/user/updateProfile [32m200[0m 35.978 ms - 57[0m
[0mPATCH /api/v1/user/updateProfile [32m200[0m 58.172 ms - 57[0m
[0mPATCH /api/v1/user/updateProfile [32m200[0m 31.923 ms - 57[0m
[0mGET /api/v1/user/profile [32m200[0m 6.430 ms - 270[0m
[0mGET /api/v1/user/profile [32m200[0m 7.103 ms - 270[0m
[0mGET /api/v1/user/profile [32m200[0m 5.594 ms - 270[0m
[0mPOST /api/v1/user/login [32m200[0m 3632.749 ms - 237[0m
[0mPOST /api/v1/blog/createBlog [32m201[0m 14.866 ms - 54[0m
[0mPOST /api/v1/blog/createBlog [32m200[0m 16.892 ms - 79[0m
[0mPOST /api/v1/blog/createBlog [32m200[0m 29.227 ms - 70[0m
[0mPOST /api/v1/blog/createBlog [32m200[0m 20.220 ms - 70[0m
[0mPOST /api/v1/blog/createBlog [32m200[0m 5.442 ms - 70[0m
[0mPOST /api/v1/blog/createBlog [32m200[0m 4.928 ms - 70[0m
[0mPOST /api/v1/blog/createBlog [32m200[0m 5.043 ms - 70[0m
[0mPOST /api/v1/user/register [32m200[0m 3230.310 ms - 257[0m
[0mPOST /api/v1/blog/createBlog [32m200[0m 14.411 ms - 78[0m
[0mPOST /api/v1/user/login [32m200[0m 3619.094 ms - 237[0m
[0mPOST /api/v1/user/verifyUser [32m200[0m 3.701 ms - 38[0m
[0mPOST /api/v1/user/verifyUser [32m200[0m 6.233 ms - 73[0m
[0mPOST /api/v1/blog/createBlog [32m200[0m 3.098 ms - 78[0m
[0mPOST /api/v1/blog/createBlog [32m200[0m 2.718 ms - 78[0m
[0mPOST /api/v1/blog/createBlog [32m200[0m 2.726 ms - 78[0m
[0mPOST /api/v1/blog/createBlog [32m200[0m 5.643 ms - 70[0m
[0mPOST /api/v1/blog/createBlog [32m200[0m 4.438 ms - 70[0m
[0mPOST /api/v1/blog/createBlog [32m200[0m 4.940 ms - 70[0m
[0mPOST /api/v1/blog/createBlog [32m200[0m 4.475 ms - 70[0m
[0mPOST /api/v1/blog/createBlog [32m200[0m 4.875 ms - 70[0m
[0mPOST /api/v1/blog/createBlog [32m200[0m 4.101 ms - 70[0m
[0mPOST /api/v1/blog/createBlog [32m200[0m 3.443 ms - 70[0m
[0mPOST /api/v1/blog/createBlog [32m200[0m 22.883 ms - 70[0m
[0mPOST /api/v1/blog/createBlog [32m200[0m 6.135 ms - 70[0m
[0mPOST /api/v1/blog/createBlog [32m200[0m 60.015 ms - 70[0m
[0mPOST /api/v1/blog/createBlog [32m200[0m 3.889 ms - 78[0m
[0mPOST /api/v1/user/verifyUser [32m200[0m 3.294 ms - 38[0m
[0mPOST /api/v1/user/verifyUser [32m200[0m 3.286 ms - 41[0m
[0mPOST /api/v1/user/verifyUser [32m200[0m 2.226 ms - 41[0m
[0mPOST /api/v1/user/verifyUser [32m200[0m 2.068 ms - 41[0m
[0mPOST /api/v1/user/register [32m200[0m 3793.598 ms - 257[0m
[0mPOST /api/v1/user/register [32m200[0m 3642.636 ms - 252[0m
[0mPOST /api/v1/user/login [32m200[0m 3864.576 ms - 237[0m
[0mPOST /api/v1/user/verifyUser [32m200[0m 2.114 ms - 38[0m
[0mPOST /api/v1/user/verifyUser [32m200[0m 3.612 ms - 73[0m
[0mPOST /api/v1/blog/createBlog [32m201[0m 10.407 ms - 54[0m
[0mPOST /api/v1/blog/createBlog [32m200[0m 35.616 ms - 114[0m
[0mPOST /api/v1/blog/createBlog [32m200[0m 7.535 ms - 114[0m
[0mPOST /api/v1/blog/createBlog [32m201[0m 65.489 ms - 54[0m
[0mPOST /api/v1/blog/createBlog [32m201[0m 29.957 ms - 54[0m
[0mPOST /api/v1/blog/createBlog [32m201[0m 2259.811 ms - 54[0m
[0mGET /api/v1/blog/getAllBlogs [32m200[0m 18.242 ms - 368[0m
[0mGET /api/v1/blog/getAllBlogs [32m200[0m 5.093 ms - 368[0m
[0mGET /api/v1/blog/getAllBlogs [32m200[0m 2.584 ms - 368[0m
[0mPOST /api/v1/user/register [32m200[0m 3948.912 ms - 252[0m
[0mPOST /api/v1/user/login [32m200[0m 2899.455 ms - 237[0m
[0mPOST /api/v1/user/verifyUser [32m200[0m 7.330 ms - 73[0m
[0mGET /api/v1/user/profile [32m200[0m 8.307 ms - 78[0m
[0mGET /api/v1/user/profile [32m200[0m 9.173 ms - 188[0m
[0mPATCH /api/v1/user/updateProfile [32m200[0m 4.080 ms - 78[0m
[0mPOST /api/v1/user/verifyUser [32m200[0m 2.194 ms - 38[0m
[0mPATCH /api/v1/user/updateProfile [32m200[0m 3.196 ms - 78[0m
[0mPATCH /api/v1/user/updateProfile [32m200[0m 2.981 ms - 78[0m
[0mPATCH /api/v1/user/updateProfile [32m200[0m 2.939 ms - 78[0m
[0mPATCH /api/v1/user/updateProfile [32m200[0m 2.551 ms - 78[0m
[0mPATCH /api/v1/user/updateProfile [32m200[0m 3.070 ms - 78[0m
[0mPATCH /api/v1/user/updateProfile [32m200[0m 14.139 ms - 78[0m
[0mPATCH /api/v1/user/updateProfile [32m200[0m 4.069 ms - 78[0m
[0mPATCH /api/v1/user/updateProfile [32m200[0m 3.278 ms - 78[0m
[0mPATCH /api/v1/user/updateProfile [32m200[0m 12.654 ms - 51[0m
[0mPATCH /api/v1/user/updateProfile [32m200[0m 11.660 ms - 78[0m
[0mPATCH /api/v1/user/updateProfile [32m200[0m 12.585 ms - 78[0m
[0mPATCH /api/v1/user/updateProfile [32m200[0m 12.626 ms - 78[0m
[0mPATCH /api/v1/user/updateProfile [32m200[0m 3.639 ms - 78[0m
[0mPATCH /api/v1/user/updateProfile [32m200[0m 12.442 ms - 78[0m
[0mPATCH /api/v1/user/updateProfile [32m200[0m 5.165 ms - 78[0m
[0mPATCH /api/v1/user/updateProfile [32m200[0m 4.438 ms - 78[0m
[0mPATCH /api/v1/user/updateProfile [32m200[0m 3.073 ms - 78[0m
[0mPATCH /api/v1/user/updateProfile [32m200[0m 13.465 ms - 78[0m
[0mPATCH /api/v1/user/updateProfile [32m200[0m 3.503 ms - 78[0m
[0mPATCH /api/v1/user/updateProfile [32m200[0m 3.220 ms - 78[0m
[0mPATCH /api/v1/user/updateProfile [32m200[0m 13.218 ms - 78[0m
[0mPATCH /api/v1/user/updateProfile [32m200[0m 13.152 ms - 78[0m
[0mPATCH /api/v1/user/updateProfile [32m200[0m 3.492 ms - 78[0m
[0mPATCH /api/v1/user/updateProfile [32m200[0m 3.869 ms - 78[0m
[0mPATCH /api/v1/user/updateProfile [32m200[0m 3.014 ms - 78[0m
[0mPATCH /api/v1/user/updateProfile [32m200[0m 12.560 ms - 78[0m
[0mPATCH /api/v1/user/updateProfile [32m200[0m 5.598 ms - 78[0m
[0mPATCH /api/v1/user/updateProfile [32m200[0m 4.577 ms - 78[0m
[0mPATCH /api/v1/user/updateProfile [32m200[0m 14.028 ms - 78[0m
[0mPATCH /api/v1/user/updateProfile [32m200[0m 17.461 ms - 78[0m
[0mPATCH /api/v1/user/updateProfile [32m200[0m 16.205 ms - 78[0m
[0mPATCH /api/v1/user/updateProfile [32m200[0m 11.730 ms - 126[0m
[0mPATCH /api/v1/user/updateProfile [32m200[0m 3.395 ms - 126[0m
[0mPATCH /api/v1/user/updateProfile [32m200[0m 21.005 ms - 78[0m
[0mPATCH /api/v1/user/updateProfile [32m200[0m 15.325 ms - 78[0m
[0mPATCH /api/v1/user/updateProfile [32m200[0m 5.361 ms - 78[0m
[0mPATCH /api/v1/user/updateProfile [32m200[0m 14.847 ms - 78[0m
[0mPATCH /api/v1/user/updateProfile [32m200[0m 16.052 ms - 42[0m
[0mPATCH /api/v1/user/updateProfile [32m200[0m 5.139 ms - 42[0m
[0mPOST /api/v1/user/login [32m200[0m 3000.552 ms - 237[0m
[0mPOST /api/v1/user/verifyUser [32m200[0m 4.941 ms - 73[0m
[0mPATCH /api/v1/user/updateProfile [32m200[0m 45.582 ms - 57[0m
[0mPATCH /api/v1/user/updateProfile [32m200[0m 44.802 ms - 57[0m
[0mPATCH /api/v1/user/updateProfile [32m200[0m 2407.683 ms - 65[0m
[0mPATCH /api/v1/user/updateProfile [32m200[0m 2438.325 ms - 65[0m
[0mPATCH /api/v1/user/updateProfile [32m200[0m 576.754 ms - 65[0m
[0mPATCH /api/v1/user/updateProfile [32m200[0m 9476.927 ms - 57[0m
[0mGET /api/v1/user/profile [32m200[0m 32.359 ms - 321[0m
[0mGET /api/v1/user/profile [32m200[0m 0.665 ms - 44[0m
[0mGET /api/v1/user/profile [32m200[0m 10.646 ms - 321[0m
[0mGET /api/v1/user/profile [32m200[0m 18.170 ms - 321[0m
[0mPATCH /api/v1/user/updateProfile [32m200[0m 9235.737 ms - 57[0m
[0mPOST /api/v1/user/register [32m200[0m 33.445 ms - 45[0m
[0mPOST /api/v1/user/register [32m200[0m 4586.674 ms - 240[0m
[0mGET /api/v1/blog/getAllBlogs [32m200[0m 69.396 ms - 368[0m
[0mPOST /api/v1/blog/blog/677261661f87b5c84505ed3e [33m404[0m 2.469 ms - 181[0m
[0mPOST /api/v1/blog/blog/:677261661f87b5c84505ed3e [33m404[0m 0.412 ms - 182[0m
[0mPOST /api/v1/blog/blog/677261661f87b5c84505ed3e [33m404[0m 0.527 ms - 181[0m
[0mPOST /api/v1/blog/blog/677261661f87b5c84505ed3e [33m404[0m 4.516 ms - 181[0m
[0mPOST /api/v1/blog/blog?id=677261661f87b5c84505ed3e [33m404[0m 1.164 ms - 156[0m
[0mPOST /api/v1/blog/blog?id=677261661f87b5c84505ed3e [33m404[0m 0.495 ms - 156[0m
[0mPOST /api/v1/blog/blog?id=677261661f87b5c84505ed3e [33m404[0m 4.336 ms - 156[0m
[0mPOST /api/v1/blog/blog?id=677261661f87b5c84505ed3e [33m404[0m 2.544 ms - 156[0m
[0mGET /api/v1/blog/blog?id=677261661f87b5c84505ed3e [33m404[0m 0.661 ms - 155[0m
[0mGET /api/v1/blog/blog?id=677261661f87b5c84505ed3e [33m404[0m 0.367 ms - 155[0m
[0mGET /api/v1/blog/blog?id=677261661f87b5c84505ed3e [33m404[0m 3.521 ms - 155[0m
[0mGET /api/v1/blog/?id=677261661f87b5c84505ed3e [33m404[0m 3.398 ms - 151[0m
[0mGET /api/v1/blog?id=677261661f87b5c84505ed3e [33m404[0m 0.806 ms - 150[0m
[0mGET /api/v1/blog?id=677261661f87b5c84505ed3e [33m404[0m 4.638 ms - 150[0m
[0mGET /api/v1/blog/1 [33m404[0m 1.572 ms - 152[0m
[0mGET /api/v1/blog/1 [33m404[0m 2.750 ms - 152[0m
[0mGET /api/v1/blog?id=1 [33m404[0m 0.915 ms - 150[0m
[0mGET /api/v1/blog?id=1 [33m404[0m 3.521 ms - 150[0m
[0mGET /api/v1/blog?id=1 [33m404[0m 5.647 ms - 150[0m
[0mGET /api/v1/blog?id=1 [33m404[0m 2.622 ms - 150[0m
[0mGET /api/v1/blog?id=1 [33m404[0m 0.752 ms - 150[0m
[0mGET /api/v1/blog?id=1 [33m404[0m 0.394 ms - 150[0m
[0mGET /api/v1/blog?id=1 [33m404[0m 0.294 ms - 150[0m
[0mGET /api/v1/blog [33m404[0m 0.994 ms - 150[0m
[0mGET /api/v1/blog [33m404[0m 0.342 ms - 150[0m
[0mGET /api/v1/blog [33m404[0m 0.594 ms - 150[0m
[0mGET /api/v1/blog/getAllBlogs [32m200[0m 27.815 ms - 368[0m
[0mGET /api/v1/blog [33m404[0m 0.561 ms - 150[0m
[0mGET /api/v1/blog [33m404[0m 0.511 ms - 150[0m
[0mGET /api/v1/blog [33m404[0m 0.522 ms - 150[0m
[0mGET /api/v1/blog [33m404[0m 0.301 ms - 150[0m
[0mGET /api/v1/blog [33m404[0m 2.526 ms - 150[0m
[0mGET /api/v1/blog?id=1 [33m404[0m 1.201 ms - 150[0m
[0mGET /api/v1/blog?id=1 [33m404[0m 0.391 ms - 150[0m
[0mGET /api/v1/blog?id=1 [33m404[0m 3.273 ms - 150[0m
[0mGET /api/v1/blog?id=1 [33m404[0m 5.385 ms - 150[0m
[0mGET /api/v1/blog?id=1 [33m404[0m 3.103 ms - 150[0m
[0mGET /api/v1/blog?id=1 [33m404[0m 0.714 ms - 150[0m
[0mGET /api/v1/blog/23 [32m200[0m 2.058 ms - 16[0m
[0mGET /api/v1/blog/23 [32m200[0m 0.535 ms - 16[0m
[0mGET /api/v1/blog/23 [32m200[0m 4.584 ms - 16[0m
[0mGET /api/v1/blog/23 [32m200[0m 9.854 ms - 116[0m
[0mGET /api/v1/blog/getAllBlogs [32m200[0m 20.419 ms - 368[0m
[0mGET /api/v1/blog/677261661f87b5c84505ed3e [32m200[0m 33.296 ms - 365[0m
[0mGET /api/v1/blog/677261661f87b5c84505ed3e [32m200[0m 23.219 ms - 350[0m
[0mPOST /api/v1/blog/677261661f87b5c84505ed3e [33m404[0m 4.094 ms - 176[0m
[0mGET /api/v1/blog/677261661f87b5c84505ed3e [32m200[0m 58.784 ms - 350[0m
[0mPOST /api/v1/blog/update/677261661f87b5c84505ed3e [33m404[0m 4.612 ms - 183[0m
[0mPOST /api/v1/blog/update/677261661f87b5c84505ed3e [33m404[0m 5.968 ms - 183[0m
[0mPOST /api/v1/blog/update/677261661f87b5c84505ed3e [33m404[0m 1.365 ms - 183[0m
[0mPOST /api/v1/blog/update/677261661f87b5c84505ed3e [32m200[0m 33.600 ms - 350[0m
[0mPOST /api/v1/blog/update/677261661f87b5c84505ed3e [32m200[0m 3.453 ms - 350[0m
[0mPOST /api/v1/blog/update/677261661f87b5c84505ed3e [32m200[0m 3.755 ms - 54[0m
[0mPOST /api/v1/blog/update/677261661f87b5c84505ed3e [32m200[0m 21.418 ms - 403[0m
[0mPOST /api/v1/blog/update/677261661f87b5c84505ed3e [32m200[0m 45.658 ms - 42[0m
[0mPOST /api/v1/blog/update/677261661f87b5c84505ed3e [32m200[0m 5.875 ms - 42[0m
[0mPOST /api/v1/user/login [32m200[0m 3493.073 ms - 237[0m
[0mPOST /api/v1/user/verifyUser [32m200[0m 7.978 ms - 73[0m
[0mPOST /api/v1/blog/update/677261661f87b5c84505ed3e [32m200[0m 9.574 ms - 54[0m
[0mPOST /api/v1/blog/update/677261661f87b5c84505ed3e [32m200[0m 15.922 ms - 54[0m
[0mGET /api/v1/blog/677261661f87b5c84505ed3e [32m200[0m 25.953 ms - 350[0m
[0mPOST /api/v1/blog/update/677261661f87b5c84505ed3e [32m200[0m 2307.656 ms - 54[0m
[0mGET /api/v1/blog/677261661f87b5c84505ed3e [32m200[0m 4.263 ms - 349[0m
[0mPOST /api/v1/blog/update/677261661f87b5c84505ed3e [32m200[0m 2326.928 ms - 54[0m
[0mPOST /api/v1/blog/update/677261661f87b5c84505ed3e [32m200[0m 1860.626 ms - 54[0m
[0mGET /api/v1/blog/677261661f87b5c84505ed3e [32m200[0m 3.113 ms - 366[0m
[0mPOST /api/v1/blog/createBlog [32m200[0m 38.306 ms - 42[0m
[0mPOST /api/v1/user/login [32m200[0m 3039.956 ms - 237[0m
[0mPOST /api/v1/user/verifyUser [32m200[0m 19.083 ms - 73[0m
[0mPOST /api/v1/blog/createBlog [32m201[0m 2189.136 ms - 54[0m
[0mGET /api/v1/blog/getAllBlogs [32m200[0m 20.206 ms - 726[0m
[0mPOST /api/v1/blog/update/677261661f87b5c84505ed3e [32m200[0m 35.732 ms - 69[0m
[0mGET /api/v1/blog/677261661f87b5c84505ed3e [32m200[0m 6.353 ms - 366[0m
[0mPOST /api/v1/blog/update/677261661f87b5c84505ed3e [32m200[0m 36.047 ms - 45[0m
[0mPOST /api/v1/blog/update/677261661f87b5c84505ed3e [32m200[0m 58.133 ms - 69[0m
[0mPOST /api/v1/blog/update/677261661f87b5c84505ed3e [32m200[0m 39.514 ms - 69[0m
[0mPOST /api/v1/blog/update/677261661f87b5c84505ed3e [32m200[0m 37.893 ms - 69[0m
[0mPOST /api/v1/blog/update/677261661f87b5c84505ed3e [32m200[0m 61.129 ms - 69[0m
[0mPOST /api/v1/blog/update/677261661f87b5c84505ed3e [32m200[0m 64.228 ms - 85[0m
[0mPOST /api/v1/blog/update/677261661f87b5c84505ed3e [32m200[0m 55.682 ms - 69[0m
[0mPOST /api/v1/user/register [32m200[0m 3312.384 ms - 240[0m
[0mPOST /api/v1/user/login [32m200[0m 2868.091 ms - 237[0m
[0mPOST /api/v1/user/verifyUser [32m200[0m 6.597 ms - 73[0m
[0mPOST /api/v1/blog/createBlog [32m201[0m 2473.403 ms - 54[0m
[0mGET /api/v1/blog/getAllBlogs [32m200[0m 6.226 ms - 380[0m
[0mPOST /api/v1/blog/update/677539dbfef8ce4eb7022a73 [32m200[0m 2177.951 ms - 54[0m
